\BOOKMARK [0][-]{chapter.1}{\376\377\000S\000u\000f\000f\000i\000c\000i\000e\000n\000c\000y}{}% 1
\BOOKMARK [1][-]{section.1.1}{\376\377\000C\000o\000n\000t\000e\000x\000t\000\040\000a\000n\000d\000\040\000M\000o\000t\000i\000v\000a\000t\000i\000o\000n}{chapter.1}% 2
\BOOKMARK [1][-]{section.1.2}{\376\377\000T\000h\000e\000\040\000S\000u\000f\000f\000i\000c\000i\000e\000n\000c\000y\040\023\000E\000f\000f\000i\000c\000i\000e\000n\000c\000y\040\023\000R\000e\000n\000e\000w\000a\000b\000l\000e\000s\000\040\000F\000r\000a\000m\000e\000w\000o\000r\000k}{chapter.1}% 3
\BOOKMARK [1][-]{section.1.3}{\376\377\000S\000e\000c\000t\000o\000r\000a\000l\000\040\000D\000e\000m\000a\000n\000d\000\040\000S\000c\000e\000n\000a\000r\000i\000o\000s}{chapter.1}% 4
\BOOKMARK [2][-]{subsection.1.3.1}{\376\377\000B\000u\000i\000l\000d\000i\000n\000g\000s}{section.1.3}% 5
\BOOKMARK [2][-]{subsection.1.3.2}{\376\377\000T\000r\000a\000n\000s\000p\000o\000r\000t}{section.1.3}% 6
\BOOKMARK [2][-]{subsection.1.3.3}{\376\377\000I\000n\000d\000u\000s\000t\000r\000y}{section.1.3}% 7
\BOOKMARK [2][-]{subsection.1.3.4}{\376\377\000O\000v\000e\000r\000a\000l\000l\000\040\000F\000i\000n\000a\000l\000\040\000E\000n\000e\000r\000g\000y\000\040\000C\000o\000n\000s\000u\000m\000p\000t\000i\000o\000n}{section.1.3}% 8
\BOOKMARK [1][-]{section.1.4}{\376\377\000E\000n\000e\000r\000g\000y\000\040\000S\000y\000s\000t\000e\000m\000\040\000M\000o\000d\000e\000l\000l\000i\000n\000g\000:\000\040\000P\000y\000P\000S\000A\000-\000B\000e\000l\000g\000i\000u\000m}{chapter.1}% 9
\BOOKMARK [1][-]{section.1.5}{\376\377\000T\000w\000o\000\040\000S\000c\000e\000n\000a\000r\000i\000o\000s\000\040\000C\000o\000m\000p\000a\000r\000e\000d}{chapter.1}% 10
\BOOKMARK [1][-]{section.1.6}{\376\377\000K\000e\000y\000\040\000R\000e\000s\000u\000l\000t\000s}{chapter.1}% 11
\BOOKMARK [2][-]{subsection.1.6.1}{\376\377\000C\000o\000s\000t\000-\000E\000f\000f\000e\000c\000t\000i\000v\000e\000n\000e\000s\000s}{section.1.6}% 12
\BOOKMARK [2][-]{subsection.1.6.2}{\376\377\000E\000n\000e\000r\000g\000y\000\040\000I\000n\000d\000e\000p\000e\000n\000d\000e\000n\000c\000e}{section.1.6}% 13
\BOOKMARK [2][-]{subsection.1.6.3}{\376\377\000R\000e\000n\000e\000w\000a\000b\000l\000e\000\040\000D\000e\000p\000l\000o\000y\000m\000e\000n\000t}{section.1.6}% 14
\BOOKMARK [2][-]{subsection.1.6.4}{\376\377\000H\000y\000d\000r\000o\000g\000e\000n}{section.1.6}% 15
\BOOKMARK [2][-]{subsection.1.6.5}{\376\377\000C\000u\000m\000u\000l\000a\000t\000i\000v\000e\000\040\000E\000m\000i\000s\000s\000i\000o\000n\000s}{section.1.6}% 16
\BOOKMARK [1][-]{section.1.7}{\376\377\000S\000e\000n\000s\000i\000t\000i\000v\000i\000t\000y\000\040\000A\000n\000a\000l\000y\000s\000e\000s}{chapter.1}% 17
\BOOKMARK [2][-]{subsection.1.7.1}{\376\377\000A\000d\000d\000i\000t\000i\000o\000n\000a\000l\000\040\000O\000f\000f\000s\000h\000o\000r\000e\000\040\000W\000i\000n\000d}{section.1.7}% 18
\BOOKMARK [2][-]{subsection.1.7.2}{\376\377\000N\000u\000c\000l\000e\000a\000r\000\040\000E\000n\000e\000r\000g\000y\000\040\000C\000o\000s\000t\000s}{section.1.7}% 19
\BOOKMARK [1][-]{section.1.8}{\376\377\000K\000e\000y\000\040\000T\000a\000k\000e\000a\000w\000a\000y\000s}{chapter.1}% 20
\BOOKMARK [0][-]{chapter.2}{\376\377\000E\000n\000e\000r\000g\000y\000\040\000m\000a\000r\000k\000e\000t}{}% 21
\BOOKMARK [1][-]{section.2.1}{\376\377\000M\000a\000r\000k\000e\000t\000\040\000S\000t\000r\000u\000c\000t\000u\000r\000e\000\040\000\046\000\040\000K\000e\000y\000\040\000A\000c\000t\000o\000r\000s}{chapter.2}% 22
\BOOKMARK [1][-]{section.2.2}{\376\377\000P\000r\000o\000d\000u\000c\000t\000i\000o\000n\000\040\000M\000i\000x\000\040\040\024\000\040\000B\000e\000l\000g\000i\000u\000m}{chapter.2}% 23
\BOOKMARK [1][-]{section.2.3}{\376\377\000G\000r\000e\000e\000n\000\040\000E\000l\000e\000c\000t\000r\000i\000c\000i\000t\000y\000\040\000L\000a\000b\000e\000l\000s}{chapter.2}% 24
\BOOKMARK [1][-]{section.2.4}{\376\377\000G\000a\000s\000\040\000S\000u\000p\000p\000l\000y\000\040\040\024\000\040\000B\000e\000l\000g\000i\000u\000m}{chapter.2}% 25
\BOOKMARK [1][-]{section.2.5}{\376\377\000E\000n\000e\000r\000g\000y\000\040\000P\000r\000i\000c\000e\000\040\000F\000o\000r\000m\000a\000t\000i\000o\000n}{chapter.2}% 26
\BOOKMARK [1][-]{section.2.6}{\376\377\000S\000u\000p\000p\000l\000y\000\040\000C\000o\000n\000t\000r\000a\000c\000t\000s}{chapter.2}% 27
\BOOKMARK [1][-]{section.2.7}{\376\377\000S\000u\000p\000p\000l\000i\000e\000r\000\040\000D\000i\000f\000f\000e\000r\000e\000n\000t\000i\000a\000t\000i\000o\000n}{chapter.2}% 28
\BOOKMARK [1][-]{section.2.8}{\376\377\000E\000n\000e\000r\000g\000y\000\040\000M\000a\000r\000k\000e\000t\000\040\000E\000v\000o\000l\000u\000t\000i\000o\000n\000s}{chapter.2}% 29
\BOOKMARK [1][-]{section.2.9}{\376\377\000F\000l\000e\000x\000i\000b\000i\000l\000i\000t\000y\000:\000\040\000T\000h\000e\000\040\000K\000e\000y\000\040\000E\000n\000a\000b\000l\000e\000r\000\040\000o\000f\000\040\000t\000h\000e\000\040\000E\000n\000e\000r\000g\000y\000\040\000T\000r\000a\000n\000s\000i\000t\000i\000o\000n}{chapter.2}% 30
\BOOKMARK [1][-]{section.2.10}{\376\377\000N\000e\000w\000\040\000M\000a\000r\000k\000e\000t\000\040\000A\000c\000t\000o\000r\000s}{chapter.2}% 31
\BOOKMARK [0][-]{chapter.3}{\376\377\000W\000i\000n\000d\000\040\000t\000u\000r\000b\000i\000n\000e\000s}{}% 32
\BOOKMARK [1][-]{section.3.1}{\376\377\000S\000u\000m\000m\000a\000r\000y\000:\000\040\000V\000e\000n\000t\000i\000s\000\040\040\023\000\040\000W\000i\000n\000d\000\040\000F\000a\000r\000m\000\040\000o\000f\000\040\000G\000o\000u\000y\000-\000L\000e\000z\000-\000P\000i\000\351\000t\000o\000n\000s}{chapter.3}% 33
\BOOKMARK [2][-]{subsection.3.1.1}{\376\377\000C\000o\000m\000p\000a\000n\000y\000\040\000O\000v\000e\000r\000v\000i\000e\000w}{section.3.1}% 34
\BOOKMARK [2][-]{subsection.3.1.2}{\376\377\000T\000h\000e\000\040\000G\000o\000u\000y\000-\000L\000e\000z\000-\000P\000i\000\351\000t\000o\000n\000s\000\040\000P\000r\000o\000j\000e\000c\000t}{section.3.1}% 35
\BOOKMARK [2][-]{subsection.3.1.3}{\376\377\000P\000r\000o\000j\000e\000c\000t\000\040\000D\000e\000v\000e\000l\000o\000p\000m\000e\000n\000t}{section.3.1}% 36
\BOOKMARK [2][-]{subsection.3.1.4}{\376\377\000T\000u\000r\000b\000i\000n\000e\000\040\000T\000e\000c\000h\000n\000o\000l\000o\000g\000y}{section.3.1}% 37
\BOOKMARK [2][-]{subsection.3.1.5}{\376\377\000C\000o\000n\000s\000t\000r\000u\000c\000t\000i\000o\000n}{section.3.1}% 38
\BOOKMARK [2][-]{subsection.3.1.6}{\376\377\000O\000p\000e\000r\000a\000t\000i\000o\000n\000\040\000a\000n\000d\000\040\000M\000a\000i\000n\000t\000e\000n\000a\000n\000c\000e}{section.3.1}% 39
\BOOKMARK [2][-]{subsection.3.1.7}{\376\377\000G\000r\000i\000d\000\040\000C\000o\000n\000s\000t\000r\000a\000i\000n\000t\000s\000\040\000a\000n\000d\000\040\000P\000o\000w\000e\000r\000\040\000O\000f\000f\000t\000a\000k\000e\000\040\000O\000p\000t\000i\000m\000i\000s\000a\000t\000i\000o\000n}{section.3.1}% 40
\BOOKMARK [2][-]{subsection.3.1.8}{\376\377\000F\000u\000t\000u\000r\000e\000\040\000D\000e\000v\000e\000l\000o\000p\000m\000e\000n\000t\000s}{section.3.1}% 41
\BOOKMARK [0][-]{chapter.4}{\376\377\000S\000l\000o\000w\000\040\000H\000e\000a\000t}{}% 42
\BOOKMARK [1][-]{section.4.1}{\376\377\000S\000l\000o\000w\000H\000E\000A\000T\000\040\040\023\000\040\000H\000e\000a\000t\000\040\000t\000h\000e\000\040\000B\000o\000d\000y\000,\000\040\000N\000o\000t\000\040\000t\000h\000e\000\040\000B\000u\000i\000l\000d\000i\000n\000g}{chapter.4}% 43
\BOOKMARK [2][-]{subsection.4.1.1}{\376\377\000C\000o\000r\000e\000\040\000I\000n\000t\000u\000i\000t\000i\000o\000n\000\040\000a\000n\000d\000\040\000M\000o\000t\000i\000v\000a\000t\000i\000o\000n}{section.4.1}% 44
\BOOKMARK [2][-]{subsection.4.1.2}{\376\377\000A\000n\000\040\000I\000d\000e\000a\000\040\000R\000o\000o\000t\000e\000d\000\040\000i\000n\000\040\000H\000i\000s\000t\000o\000r\000y}{section.4.1}% 45
\BOOKMARK [2][-]{subsection.4.1.3}{\376\377\000A\000n\000\040\000I\000d\000e\000a\000\040\000A\000i\000m\000i\000n\000g\000\040\000f\000o\000r\000\040\000P\000r\000o\000g\000r\000e\000s\000s}{section.4.1}% 46
\BOOKMARK [2][-]{subsection.4.1.4}{\376\377\000T\000h\000e\000\040\000S\000l\000o\000w\000H\000E\000A\000T\000\040\000L\000i\000v\000i\000n\000g\000-\000L\000a\000b\000\040\000E\000x\000p\000e\000r\000i\000m\000e\000n\000t\000\040\000\050\0002\0000\0002\0000\040\023\0002\0000\0002\0003\000\051}{section.4.1}% 47
\BOOKMARK [2][-]{subsection.4.1.5}{\376\377\000Q\000u\000a\000l\000i\000t\000a\000t\000i\000v\000e\000\040\000A\000n\000a\000l\000y\000s\000i\000s\000:\000\040\000A\000\040\000S\000o\000c\000i\000a\000l\000-\000P\000r\000a\000c\000t\000i\000c\000e\000\040\000F\000r\000a\000m\000e\000w\000o\000r\000k}{section.4.1}% 48
\BOOKMARK [2][-]{subsection.4.1.6}{\376\377\000D\000i\000s\000c\000u\000s\000s\000i\000o\000n\000:\000\040\000E\000f\000f\000i\000c\000i\000e\000n\000c\000y\000,\000\040\000S\000u\000f\000f\000i\000c\000i\000e\000n\000c\000y\000,\000\040\000a\000n\000d\000\040\000B\000e\000y\000o\000n\000d}{section.4.1}% 49
\BOOKMARK [0][-]{chapter.5}{\376\377\000B\000a\000t\000t\000e\000r\000i\000e\000s}{}% 50
\BOOKMARK [1][-]{section.5.1}{\376\377\000I\000n\000t\000r\000o\000d\000u\000c\000t\000i\000o\000n\000:\000\040\000E\000n\000e\000r\000g\000y\000\040\000S\000t\000o\000r\000a\000g\000e\000\040\000a\000n\000d\000\040\000E\000l\000e\000c\000t\000r\000o\000c\000h\000e\000m\000i\000s\000t\000r\000y}{chapter.5}% 51
\BOOKMARK [1][-]{section.5.2}{\376\377\000H\000o\000w\000\040\000a\000\040\000L\000i\000-\000i\000o\000n\000\040\000B\000a\000t\000t\000e\000r\000y\000\040\000W\000o\000r\000k\000s}{chapter.5}% 52
\BOOKMARK [2][-]{subsection.5.2.1}{\376\377\000G\000e\000n\000e\000r\000a\000l\000\040\000O\000p\000e\000r\000a\000t\000i\000n\000g\000\040\000P\000r\000i\000n\000c\000i\000p\000l\000e}{section.5.2}% 53
\BOOKMARK [2][-]{subsection.5.2.2}{\376\377\000C\000r\000i\000t\000e\000r\000i\000a\000\040\000f\000o\000r\000\040\000E\000l\000e\000c\000t\000r\000o\000d\000e\000\040\000M\000a\000t\000e\000r\000i\000a\000l\000s}{section.5.2}% 54
\BOOKMARK [2][-]{subsection.5.2.3}{\376\377\000R\000e\000p\000r\000e\000s\000e\000n\000t\000a\000t\000i\000v\000e\000\040\000E\000l\000e\000c\000t\000r\000o\000d\000e\000\040\000M\000a\000t\000e\000r\000i\000a\000l\000s}{section.5.2}% 55
\BOOKMARK [1][-]{section.5.3}{\376\377\000B\000a\000t\000t\000e\000r\000y\000\040\000C\000o\000n\000s\000t\000r\000u\000c\000t\000i\000o\000n}{chapter.5}% 56
\BOOKMARK [2][-]{subsection.5.3.1}{\376\377\000C\000e\000l\000l\000\040\000A\000r\000c\000h\000i\000t\000e\000c\000t\000u\000r\000e}{section.5.3}% 57
\BOOKMARK [2][-]{subsection.5.3.2}{\376\377\000C\000o\000m\000p\000o\000s\000i\000t\000e\000\040\000E\000l\000e\000c\000t\000r\000o\000d\000e\000s}{section.5.3}% 58
\BOOKMARK [2][-]{subsection.5.3.3}{\376\377\000E\000l\000e\000c\000t\000r\000o\000l\000y\000t\000e}{section.5.3}% 59
\BOOKMARK [2][-]{subsection.5.3.4}{\376\377\000C\000e\000l\000l\000\040\000F\000o\000r\000m\000a\000t\000s\000\040\000a\000n\000d\000\040\000A\000s\000s\000e\000m\000b\000l\000y}{section.5.3}% 60
\BOOKMARK [1][-]{section.5.4}{\376\377\000C\000h\000a\000l\000l\000e\000n\000g\000e\000s}{chapter.5}% 61
\BOOKMARK [2][-]{subsection.5.4.1}{\376\377\000M\000a\000t\000e\000r\000i\000a\000l\000s\000\040\000C\000h\000a\000l\000l\000e\000n\000g\000e\000s}{section.5.4}% 62
\BOOKMARK [2][-]{subsection.5.4.2}{\376\377\000M\000a\000n\000u\000f\000a\000c\000t\000u\000r\000i\000n\000g\000\040\000a\000n\000d\000\040\000C\000o\000m\000p\000o\000n\000e\000n\000t\000\040\000C\000h\000a\000l\000l\000e\000n\000g\000e\000s}{section.5.4}% 63
\BOOKMARK [2][-]{subsection.5.4.3}{\376\377\000C\000o\000s\000t\000\040\000T\000r\000a\000j\000e\000c\000t\000o\000r\000y}{section.5.4}% 64
\BOOKMARK [2][-]{subsection.5.4.4}{\376\377\000S\000a\000f\000e\000t\000y\000,\000\040\000R\000e\000c\000y\000c\000l\000i\000n\000g\000,\000\040\000a\000n\000d\000\040\000E\000n\000d\000-\000o\000f\000-\000L\000i\000f\000e}{section.5.4}% 65
\BOOKMARK [1][-]{section.5.5}{\376\377\000F\000u\000t\000u\000r\000e\000\040\000P\000e\000r\000s\000p\000e\000c\000t\000i\000v\000e\000s}{chapter.5}% 66
\BOOKMARK [2][-]{subsection.5.5.1}{\376\377\000B\000e\000y\000o\000n\000d\000\040\000L\000i\000-\000i\000o\000n\000:\000\040\000S\000o\000d\000i\000u\000m\000-\000I\000o\000n\000\040\000B\000a\000t\000t\000e\000r\000i\000e\000s}{section.5.5}% 67
\BOOKMARK [2][-]{subsection.5.5.2}{\376\377\000S\000o\000l\000i\000d\000-\000S\000t\000a\000t\000e\000\040\000B\000a\000t\000t\000e\000r\000i\000e\000s}{section.5.5}% 68
\BOOKMARK [2][-]{subsection.5.5.3}{\376\377\000A\000\040\000B\000r\000o\000a\000d\000e\000r\000\040\000P\000e\000r\000s\000p\000e\000c\000t\000i\000v\000e}{section.5.5}% 69
\BOOKMARK [0][-]{chapter.6}{\376\377\000B\000i\000o\000m\000a\000s\000s}{}% 70
\BOOKMARK [1][-]{section.6.1}{\376\377\000I\000n\000t\000r\000o\000d\000u\000c\000t\000i\000o\000n}{chapter.6}% 71
\BOOKMARK [1][-]{section.6.2}{\376\377\000W\000h\000a\000t\000\040\000I\000s\000\040\000B\000i\000o\000m\000a\000s\000s\000?}{chapter.6}% 72
\BOOKMARK [1][-]{section.6.3}{\376\377\000T\000h\000e\000\040\000C\000u\000r\000r\000e\000n\000t\000\040\000R\000o\000l\000e\000\040\000o\000f\000\040\000B\000i\000o\000m\000a\000s\000s\000\040\000i\000n\000\040\000E\000n\000e\000r\000g\000y\000\040\000S\000y\000s\000t\000e\000m\000s}{chapter.6}% 73
\BOOKMARK [2][-]{subsection.6.3.1}{\376\377\000G\000l\000o\000b\000a\000l\000\040\000a\000n\000d\000\040\000E\000u\000r\000o\000p\000e\000a\000n\000\040\000C\000o\000n\000t\000e\000x\000t}{section.6.3}% 74
\BOOKMARK [2][-]{subsection.6.3.2}{\376\377\000E\000n\000d\000-\000U\000s\000e\000s\000\040\000o\000f\000\040\000B\000i\000o\000m\000a\000s\000s\000\040\000i\000n\000\040\000E\000u\000r\000o\000p\000e}{section.6.3}% 75
\BOOKMARK [2][-]{subsection.6.3.3}{\376\377\000F\000e\000e\000d\000s\000t\000o\000c\000k\000\040\000C\000o\000m\000p\000o\000s\000i\000t\000i\000o\000n}{section.6.3}% 76
\BOOKMARK [1][-]{section.6.4}{\376\377\000S\000u\000s\000t\000a\000i\000n\000a\000b\000i\000l\000i\000t\000y\000\040\000o\000f\000\040\000B\000i\000o\000m\000a\000s\000s}{chapter.6}% 77
\BOOKMARK [2][-]{subsection.6.4.1}{\376\377\000T\000h\000e\000\040\000D\000e\000b\000a\000t\000e\000\040\000o\000n\000\040\000L\000i\000q\000u\000i\000d\000\040\000B\000i\000o\000f\000u\000e\000l\000s}{section.6.4}% 78
\BOOKMARK [2][-]{subsection.6.4.2}{\376\377\000T\000h\000e\000\040\000C\000a\000r\000b\000o\000n\000\040\000C\000y\000c\000l\000e\000\040\000o\000f\000\040\000F\000o\000r\000e\000s\000t\000s}{section.6.4}% 79
\BOOKMARK [2][-]{subsection.6.4.3}{\376\377\000T\000h\000e\000\040\000M\000a\000n\000a\000g\000e\000m\000e\000n\000t\000\040\000a\000n\000d\000\040\000E\000x\000p\000l\000o\000i\000t\000a\000t\000i\000o\000n\000\040\000S\000y\000s\000t\000e\000m}{section.6.4}% 80
\BOOKMARK [1][-]{section.6.5}{\376\377\000B\000i\000o\000m\000a\000s\000s\000\040\000P\000o\000t\000e\000n\000t\000i\000a\000l\000\040\000a\000n\000d\000\040\000I\000t\000s\000\040\000V\000a\000r\000i\000a\000b\000i\000l\000i\000t\000y}{chapter.6}% 81
\BOOKMARK [1][-]{section.6.6}{\376\377\000B\000r\000o\000a\000d\000e\000r\000\040\000D\000i\000m\000e\000n\000s\000i\000o\000n\000s\000:\000\040\000T\000e\000c\000h\000n\000o\000l\000o\000g\000y\000,\000\040\000S\000o\000c\000i\000e\000t\000y\000,\000\040\000a\000n\000d\000\040\000t\000h\000e\000\040\000E\000n\000e\000r\000g\000y\000\040\000T\000r\000a\000n\000s\000i\000t\000i\000o\000n}{chapter.6}% 82
\BOOKMARK [2][-]{subsection.6.6.1}{\376\377\000T\000h\000e\000\040\000L\000i\000m\000i\000t\000s\000\040\000o\000f\000\040\000a\000\040\000P\000u\000r\000e\000l\000y\000\040\000T\000e\000c\000h\000n\000i\000c\000a\000l\000\040\000A\000p\000p\000r\000o\000a\000c\000h}{section.6.6}% 83
\BOOKMARK [2][-]{subsection.6.6.2}{\376\377\000T\000e\000c\000h\000n\000o\000l\000o\000g\000y\000\040\000I\000s\000\040\000N\000o\000t\000\040\000N\000e\000u\000t\000r\000a\000l}{section.6.6}% 84
\BOOKMARK [2][-]{subsection.6.6.3}{\376\377\000B\000i\000o\000m\000a\000s\000s\000\040\000a\000n\000d\000\040\000t\000h\000e\000\040\000H\000u\000m\000a\000n\040\023\000N\000a\000t\000u\000r\000e\000\040\000D\000u\000a\000l\000i\000s\000m}{section.6.6}% 85
\BOOKMARK [1][-]{section.6.7}{\376\377\000T\000a\000k\000e\000-\000A\000w\000a\000y\000\040\000M\000e\000s\000s\000a\000g\000e\000s}{chapter.6}% 86
\BOOKMARK [0][-]{chapter.7}{\376\377\000F\000l\000u\000x\000y\000s}{}% 87
\BOOKMARK [1][-]{section.7.1}{\376\377\000O\000v\000e\000r\000v\000i\000e\000w\000\040\000o\000f\000\040\000F\000l\000u\000x\000y\000s\000:\000\040\000A\000\040\000P\000u\000r\000p\000o\000s\000e\000-\000D\000r\000i\000v\000e\000n\000\040\000E\000n\000e\000r\000g\000y\000\040\000I\000n\000f\000r\000a\000s\000t\000r\000u\000c\000t\000u\000r\000e\000\040\000C\000o\000m\000p\000a\000n\000y}{chapter.7}% 88
\BOOKMARK [2][-]{subsection.7.1.1}{\376\377\000C\000o\000m\000p\000a\000n\000y\000\040\000P\000r\000o\000f\000i\000l\000e}{section.7.1}% 89
\BOOKMARK [2][-]{subsection.7.1.2}{\376\377\000B\000e\000l\000g\000i\000a\000n\000\040\000G\000a\000s\000\040\000N\000e\000t\000w\000o\000r\000k\000:\000\040\000K\000e\000y\000\040\000F\000i\000g\000u\000r\000e\000s\000\040\000\050\0002\0000\0002\0005\000\051}{section.7.1}% 90
\BOOKMARK [1][-]{section.7.2}{\376\377\000T\000h\000e\000\040\000E\000u\000r\000o\000p\000e\000a\000n\000\040\000E\000n\000e\000r\000g\000y\000\040\000C\000o\000n\000t\000e\000x\000t\000\040\000a\000n\000d\000\040\000R\000e\000g\000u\000l\000a\000t\000o\000r\000y\000\040\000F\000r\000a\000m\000e\000w\000o\000r\000k}{chapter.7}% 91
\BOOKMARK [2][-]{subsection.7.2.1}{\376\377\000G\000e\000o\000p\000o\000l\000i\000t\000i\000c\000a\000l\000\040\000D\000i\000s\000r\000u\000p\000t\000i\000o\000n\000s\000\040\000a\000n\000d\000\040\000S\000u\000p\000p\000l\000y\000\040\000S\000h\000i\000f\000t\000s}{section.7.2}% 92
\BOOKMARK [2][-]{subsection.7.2.2}{\376\377\000R\000e\000g\000u\000l\000a\000t\000o\000r\000y\000\040\000F\000r\000a\000m\000e\000w\000o\000r\000k}{section.7.2}% 93
\BOOKMARK [2][-]{subsection.7.2.3}{\376\377\000T\000a\000r\000i\000f\000f\000\040\000C\000o\000m\000p\000u\000t\000a\000t\000i\000o\000n}{section.7.2}% 94
\BOOKMARK [1][-]{section.7.3}{\376\377\000T\000h\000e\000\040\000E\000n\000e\000r\000g\000y\000\040\000T\000r\000a\000n\000s\000i\000t\000i\000o\000n\000:\000\040\000F\000l\000u\000x\000y\000s\000'\000s\000\040\000S\000t\000r\000a\000t\000e\000g\000i\000c\000\040\000R\000o\000l\000e}{chapter.7}% 95
\BOOKMARK [2][-]{subsection.7.3.1}{\376\377\000T\000h\000e\000\040\000E\000n\000e\000r\000g\000y\000\040\000T\000r\000i\000l\000e\000m\000m\000a}{section.7.3}% 96
\BOOKMARK [2][-]{subsection.7.3.2}{\376\377\000T\000h\000e\000\040\000E\000U\000\040\000N\000e\000t\000-\000Z\000e\000r\000o\000\040\000P\000a\000t\000h\000w\000a\000y\000\040\000a\000n\000d\000\040\000B\000e\000l\000g\000i\000u\000m\000'\000s\000\040\000E\000n\000e\000r\000g\000y\000\040\000M\000i\000x}{section.7.3}% 97
\BOOKMARK [2][-]{subsection.7.3.3}{\376\377\000T\000e\000n\000-\000Y\000e\000a\000r\000\040\000N\000e\000t\000w\000o\000r\000k\000\040\000D\000e\000v\000e\000l\000o\000p\000m\000e\000n\000t\000\040\000P\000l\000a\000n\000\040\000a\000n\000d\000\040\000I\000n\000v\000e\000s\000t\000m\000e\000n\000t\000s}{section.7.3}% 98
\BOOKMARK [2][-]{subsection.7.3.4}{\376\377\000B\000i\000o\000m\000e\000t\000h\000a\000n\000e}{section.7.3}% 99
\BOOKMARK [1][-]{section.7.4}{\376\377\000H\000y\000d\000r\000o\000g\000e\000n\000\040\000I\000n\000f\000r\000a\000s\000t\000r\000u\000c\000t\000u\000r\000e}{chapter.7}% 100
\BOOKMARK [2][-]{subsection.7.4.1}{\376\377\000H\000y\000d\000r\000o\000g\000e\000n\000\040\000C\000o\000l\000o\000u\000r\000s\000\040\000a\000n\000d\000\040\000P\000r\000o\000d\000u\000c\000t\000i\000o\000n\000\040\000P\000a\000t\000h\000w\000a\000y\000s}{section.7.4}% 101
\BOOKMARK [2][-]{subsection.7.4.2}{\376\377\000B\000e\000l\000g\000i\000a\000n\000\040\000H\000y\000d\000r\000o\000g\000e\000n\000\040\000B\000a\000c\000k\000b\000o\000n\000e}{section.7.4}% 102
\BOOKMARK [1][-]{section.7.5}{\376\377\000C\000O\0002\000\040\000I\000n\000f\000r\000a\000s\000t\000r\000u\000c\000t\000u\000r\000e}{chapter.7}% 103
\BOOKMARK [2][-]{subsection.7.5.1}{\376\377\000C\000O\0002\000\040\000T\000r\000a\000n\000s\000p\000o\000r\000t\000\040\000a\000n\000d\000\040\000t\000h\000e\000\040\000C\000C\000U\000S\000\040\000V\000a\000l\000u\000e\000\040\000C\000h\000a\000i\000n}{section.7.5}% 104
\BOOKMARK [2][-]{subsection.7.5.2}{\376\377\000B\000e\000l\000g\000i\000a\000n\000\040\000C\000O\0002\000N\000e\000t\000w\000o\000r\000k\000\040\000D\000e\000v\000e\000l\000o\000p\000m\000e\000n\000t}{section.7.5}% 105
\BOOKMARK [2][-]{subsection.7.5.3}{\376\377\000T\000a\000r\000i\000f\000f\000\040\000S\000t\000r\000u\000c\000t\000u\000r\000e\000\040\000a\000n\000d\000\040\000D\000e\000r\000i\000s\000k\000i\000n\000g\000\040\000f\000o\000r\000\040\000C\000O\0002\000\040\000I\000n\000f\000r\000a\000s\000t\000r\000u\000c\000t\000u\000r\000e}{section.7.5}% 106
\BOOKMARK [1][-]{section.7.6}{\376\377\000T\000h\000e\000\040\000N\000o\000r\000t\000h\000\040\000S\000e\000a\000\040\000I\000n\000t\000e\000g\000r\000a\000t\000i\000o\000n\000\040\000M\000o\000d\000e\000l}{chapter.7}% 107
\BOOKMARK [0][-]{chapter.8}{\376\377\000C\000a\000r\000b\000o\000n\000\040\000c\000a\000p\000t\000u\000r\000e}{}% 108
\BOOKMARK [1][-]{section.8.1}{\376\377\000I\000n\000t\000r\000o\000d\000u\000c\000t\000i\000o\000n\000:\000\040\000C\000o\000n\000t\000e\000x\000t\000\040\000a\000n\000d\000\040\000M\000o\000t\000i\000v\000a\000t\000i\000o\000n}{chapter.8}% 109
\BOOKMARK [1][-]{section.8.2}{\376\377\000C\000O\0002\000\040\000C\000a\000p\000t\000u\000r\000e\000\040\000S\000t\000r\000a\000t\000e\000g\000i\000e\000s}{chapter.8}% 110
\BOOKMARK [1][-]{section.8.3}{\376\377\000G\000a\000s\000-\000L\000i\000q\000u\000i\000d\000\040\000A\000b\000s\000o\000r\000p\000t\000i\000o\000n\000:\000\040\000T\000h\000e\000\040\000R\000e\000f\000e\000r\000e\000n\000c\000e\000\040\000T\000e\000c\000h\000n\000o\000l\000o\000g\000y}{chapter.8}% 111
\BOOKMARK [2][-]{subsection.8.3.1}{\376\377\000P\000r\000o\000c\000e\000s\000s\000\040\000D\000e\000s\000c\000r\000i\000p\000t\000i\000o\000n}{section.8.3}% 112
\BOOKMARK [2][-]{subsection.8.3.2}{\376\377\000S\000o\000l\000v\000e\000n\000t\000\040\000G\000e\000n\000e\000r\000a\000t\000i\000o\000n\000s}{section.8.3}% 113
\BOOKMARK [2][-]{subsection.8.3.3}{\376\377\000P\000r\000o\000c\000e\000s\000s\000\040\000I\000m\000p\000r\000o\000v\000e\000m\000e\000n\000t\000s\000\040\000a\000n\000d\000\040\000D\000e\000g\000r\000a\000d\000a\000t\000i\000o\000n}{section.8.3}% 114
\BOOKMARK [1][-]{section.8.4}{\376\377\000O\000t\000h\000e\000r\000\040\000C\000a\000p\000t\000u\000r\000e\000\040\000T\000e\000c\000h\000n\000o\000l\000o\000g\000i\000e\000s}{chapter.8}% 115
\BOOKMARK [2][-]{subsection.8.4.1}{\376\377\000G\000a\000s\000-\000S\000o\000l\000i\000d\000\040\000A\000d\000s\000o\000r\000p\000t\000i\000o\000n}{section.8.4}% 116
\BOOKMARK [2][-]{subsection.8.4.2}{\376\377\000M\000e\000m\000b\000r\000a\000n\000e\000s}{section.8.4}% 117
\BOOKMARK [2][-]{subsection.8.4.3}{\376\377\000C\000r\000y\000o\000g\000e\000n\000i\000c\000\040\000P\000r\000o\000c\000e\000s\000s\000e\000s}{section.8.4}% 118
\BOOKMARK [2][-]{subsection.8.4.4}{\376\377\000C\000a\000l\000c\000i\000u\000m\000\040\000L\000o\000o\000p\000i\000n\000g\000\040\000a\000n\000d\000\040\000C\000h\000e\000m\000i\000c\000a\000l\000\040\000L\000o\000o\000p\000i\000n\000g\000\040\000C\000o\000m\000b\000u\000s\000t\000i\000o\000n}{section.8.4}% 119
\BOOKMARK [2][-]{subsection.8.4.5}{\376\377\000B\000i\000o\000l\000o\000g\000i\000c\000a\000l\000\040\000A\000p\000p\000r\000o\000a\000c\000h\000e\000s\000:\000\040\000M\000i\000c\000r\000o\000-\000a\000l\000g\000a\000e}{section.8.4}% 120
\BOOKMARK [1][-]{section.8.5}{\376\377\000I\000n\000d\000u\000s\000t\000r\000i\000a\000l\000\040\000D\000e\000p\000l\000o\000y\000m\000e\000n\000t\000\040\000a\000n\000d\000\040\000O\000u\000t\000l\000o\000o\000k}{chapter.8}% 121
\BOOKMARK [0][-]{chapter.9}{\376\377\000E\000l\000i\000a}{}% 122
\BOOKMARK [0][-]{chapter.10}{\376\377\000N\000u\000c\000l\000e\000a\000r}{}% 123
\BOOKMARK [0][-]{chapter.11}{\376\377\000A\000l\000u\000m\000i\000n\000i\000u\000m}{}% 124
\BOOKMARK [0][-]{chapter.12}{\376\377\000E\000n\000e\000r\000g\000y\000\040\000i\000n\000\040\000A\000f\000r\000i\000c\000a}{}% 125
\BOOKMARK [0][-]{chapter.13}{\376\377\000V\000i\000s\000i\000t\000s\000\040\000o\000f\000\040\000i\000n\000u\000d\000s\000t\000r\000i\000e\000s}{}% 126
\BOOKMARK [0][-]{chapter.14}{\376\377\000V\000i\000d\000e\000o\000\040\000a\000n\000d\000\040\000r\000e\000f\000l\000e\000x\000i\000v\000e\000\040\000p\000r\000o\000c\000e\000s\000s}{}% 127
